<?xml version="1.0" encoding="UTF-8"?>
<!-- Generated by org.testng.reporters.JUnitReportReporter -->
<testsuite hostname="diuttm-w7" name="com.vsii.tsc.guru.testcase.ISMS_ComposeISMS" tests="2" failures="0" timestamp="31 Mar 2016 07:10:22 GMT" time="56.845" errors="0">
  <testcase name="TC42" time="28.196" classname="com.vsii.tsc.guru.testcase.ISMS_ComposeISMS"/>
  <testcase name="TC42" time="28.649" classname="com.vsii.tsc.guru.testcase.ISMS_ComposeISMS"/>
</testsuite> <!-- com.vsii.tsc.guru.testcase.ISMS_ComposeISMS -->
