<?xml version="1.0" encoding="UTF-8"?>
<!-- Generated by org.testng.reporters.JUnitReportReporter -->
<testsuite hostname="diuttm-w7" name="com.vsii.tsc.guru.testcase.ISMS_Project" tests="1" failures="0" timestamp="30 Mar 2016 03:29:20 GMT" time="34.198" errors="0">
  <testcase name="TC36" time="34.198" classname="com.vsii.tsc.guru.testcase.ISMS_Project"/>
</testsuite> <!-- com.vsii.tsc.guru.testcase.ISMS_Project -->
